
------------------------------------------------------------
Sender: LSF System <lsfadmin@clarinet001-225.orchestra>
Subject: Job 630507: <gunzip -c ../bams/cortex_bulk.rmdup.nomapq0.fa.gz | ./sputnik_V6_len5 /dev/stdin | gzip - > cortex_bulk.rmdup.nomapq0.sputnik.txt.gz> Done

Job <gunzip -c ../bams/cortex_bulk.rmdup.nomapq0.fa.gz | ./sputnik_V6_len5 /dev/stdin | gzip - > cortex_bulk.rmdup.nomapq0.sputnik.txt.gz> was submitted from host <loge.orchestra> by user <ljl11> in cluster <hms_orchestra>.
Job was executed on host(s) <2*clarinet001-225.orchestra>, in queue <long>, as user <ljl11> in cluster <hms_orchestra>.
</home/ljl11> was used as the home directory.
</files/CBMI/ParkLabUnreplicated/joe/neuron/sputnik> was used as the working directory.
Started at Tue Jun 18 00:31:37 2013
Results reported at Wed Jun 19 19:02:24 2013

Your job looked like:

------------------------------------------------------------
# LSBATCH: User input
gunzip -c ../bams/cortex_bulk.rmdup.nomapq0.fa.gz | ./sputnik_V6_len5 /dev/stdin | gzip - > cortex_bulk.rmdup.nomapq0.sputnik.txt.gz
------------------------------------------------------------

Successfully completed.

Resource usage summary:

    CPU time   : 157968.67 sec.
    Max Memory :         3 MB
    Max Swap   :        44 MB

    Max Processes  :         5
    Max Threads    :         6

The output (if any) is above this job summary.

