
------------------------------------------------------------
Sender: LSF System <lsfadmin@clarinet002-046.orchestra>
Subject: Job 891075: <gunzip -c ../bams/neuron_2.rmdup.nomapq0.fa.gz | ./sputnik_V6_len5 /dev/stdin | gzip - > neuron_2.rmdup.nomapq0.sputnik.txt.gz> Done

Job <gunzip -c ../bams/neuron_2.rmdup.nomapq0.fa.gz | ./sputnik_V6_len5 /dev/stdin | gzip - > neuron_2.rmdup.nomapq0.sputnik.txt.gz> was submitted from host <flute000-171.orchestra> by user <ljl11> in cluster <hms_orchestra>.
Job was executed on host(s) <2*clarinet002-046.orchestra>, in queue <long>, as user <ljl11> in cluster <hms_orchestra>.
</home/ljl11> was used as the home directory.
</scratch/ljl11/neuron/sputnik> was used as the working directory.
Started at Tue Jul 16 10:41:58 2013
Results reported at Thu Jul 18 05:01:11 2013

Your job looked like:

------------------------------------------------------------
# LSBATCH: User input
gunzip -c ../bams/neuron_2.rmdup.nomapq0.fa.gz | ./sputnik_V6_len5 /dev/stdin | gzip - > neuron_2.rmdup.nomapq0.sputnik.txt.gz
------------------------------------------------------------

Successfully completed.

Resource usage summary:

    CPU time   : 157684.30 sec.
    Max Memory :         3 MB
    Max Swap   :        44 MB

    Max Processes  :         5
    Max Threads    :         6

The output (if any) is above this job summary.

